<?xml version="1.0" encoding="UTF-8"?>
<testng-results ignored="0" total="338" passed="168" failed="170" skipped="0">
  <reporter-output>
  </reporter-output>
  <suite started-at="2023-10-09T17:38:21 EDT" name="Suite" finished-at="2023-10-09T17:42:50 EDT" duration-ms="268745">
    <groups>
      <group name="cucumber">
        <method signature="AbstractTestNGCucumberTests.runScenario(io.cucumber.testng.PickleWrapper,io.cucumber.testng.FeatureWrapper)[pri:0, instance:Runner.TestRunner@757acd7b]" name="runScenario" class="io.cucumber.testng.AbstractTestNGCucumberTests"/>
        <method signature="AbstractTestNGCucumberTests.runScenario(io.cucumber.testng.PickleWrapper,io.cucumber.testng.FeatureWrapper)[pri:0, instance:Runner.TestRunner@62e7f11d]" name="runScenario" class="io.cucumber.testng.AbstractTestNGCucumberTests"/>
      </group> <!-- cucumber -->
    </groups>
    <test started-at="2023-10-09T17:38:21 EDT" name="TestFirefox" finished-at="2023-10-09T17:41:44 EDT" duration-ms="202766">
      <class name="Runner.TestRunner">
        <test-method is-config="true" signature="defineBrowser(java.lang.String)[pri:0, instance:Runner.TestRunner@757acd7b]" started-at="2023-10-09T17:38:21 EDT" name="defineBrowser" finished-at="2023-10-09T17:38:21 EDT" duration-ms="16" status="PASS">
          <params>
            <param index="0">
              <value>
                <![CDATA[firefox]]>
              </value>
            </param>
          </params>
          <reporter-output>
          </reporter-output>
        </test-method> <!-- defineBrowser -->
        <test-method is-config="true" signature="setUpClass(org.testng.ITestContext)[pri:0, instance:Runner.TestRunner@757acd7b]" started-at="2023-10-09T17:38:21 EDT" name="setUpClass" finished-at="2023-10-09T17:38:29 EDT" duration-ms="8378" status="PASS">
          <params>
            <param index="0">
              <value>
                <![CDATA[org.testng.TestRunner@5ecab645]]>
              </value>
            </param>
          </params>
          <reporter-output>
          </reporter-output>
        </test-method> <!-- setUpClass -->
        <test-method signature="runScenario(io.cucumber.testng.PickleWrapper,io.cucumber.testng.FeatureWrapper)[pri:0, instance:Runner.TestRunner@757acd7b]" started-at="2023-10-09T17:38:29 EDT" name="runScenario" description="Runs Cucumber Scenarios" data-provider="scenarios" finished-at="2023-10-09T17:38:33 EDT" duration-ms="3986" status="PASS">
          <params>
            <param index="0">
              <value>
                <![CDATA["The user is able to navigate to Arrays in Python page"]]>
              </value>
            </param>
            <param index="1">
              <value>
                <![CDATA["User is on Array Page"]]>
              </value>
            </param>
          </params>
          <reporter-output>
          </reporter-output>
        </test-method> <!-- runScenario -->
        <test-method signature="runScenario(io.cucumber.testng.PickleWrapper,io.cucumber.testng.FeatureWrapper)[pri:0, instance:Runner.TestRunner@757acd7b]" started-at="2023-10-09T17:38:33 EDT" name="runScenario" description="Runs Cucumber Scenarios" data-provider="scenarios" finished-at="2023-10-09T17:38:34 EDT" duration-ms="941" status="PASS">
          <params>
            <param index="0">
              <value>
                <![CDATA["The user is able to navigate to a page having an tryEditor from Arrays in Python page"]]>
              </value>
            </param>
            <param index="1">
              <value>
                <![CDATA["User is on Array Page"]]>
              </value>
            </param>
          </params>
          <reporter-output>
          </reporter-output>
        </test-method> <!-- runScenario -->
        <test-method signature="runScenario(io.cucumber.testng.PickleWrapper,io.cucumber.testng.FeatureWrapper)[pri:0, instance:Runner.TestRunner@757acd7b]" started-at="2023-10-09T17:38:34 EDT" name="runScenario" description="Runs Cucumber Scenarios" data-provider="scenarios" finished-at="2023-10-09T17:38:36 EDT" duration-ms="1718" status="PASS">
          <params>
            <param index="0">
              <value>
                <![CDATA["The user is able run code in tryEditor for Arrays Using List page"]]>
              </value>
            </param>
            <param index="1">
              <value>
                <![CDATA["User is on Array Page"]]>
              </value>
            </param>
          </params>
          <reporter-output>
          </reporter-output>
        </test-method> <!-- runScenario -->
        <test-method signature="runScenario(io.cucumber.testng.PickleWrapper,io.cucumber.testng.FeatureWrapper)[pri:0, instance:Runner.TestRunner@757acd7b]" started-at="2023-10-09T17:38:36 EDT" name="runScenario" description="Runs Cucumber Scenarios" data-provider="scenarios" finished-at="2023-10-09T17:38:39 EDT" duration-ms="2662" status="PASS">
          <params>
            <param index="0">
              <value>
                <![CDATA["The user is presented with error message for code with invalid syntax in tryEditor for Arrays in Python page"]]>
              </value>
            </param>
            <param index="1">
              <value>
                <![CDATA["User is on Array Page"]]>
              </value>
            </param>
          </params>
          <reporter-output>
          </reporter-output>
        </test-method> <!-- runScenario -->
        <test-method signature="runScenario(io.cucumber.testng.PickleWrapper,io.cucumber.testng.FeatureWrapper)[pri:0, instance:Runner.TestRunner@757acd7b]" started-at="2023-10-09T17:38:39 EDT" name="runScenario" description="Runs Cucumber Scenarios" data-provider="scenarios" finished-at="2023-10-09T17:38:39 EDT" duration-ms="382" status="PASS">
          <params>
            <param index="0">
              <value>
                <![CDATA["The user is able to navigate to Arrays Using List page"]]>
              </value>
            </param>
            <param index="1">
              <value>
                <![CDATA["User is on Array Page"]]>
              </value>
            </param>
          </params>
          <reporter-output>
          </reporter-output>
        </test-method> <!-- runScenario -->
        <test-method signature="runScenario(io.cucumber.testng.PickleWrapper,io.cucumber.testng.FeatureWrapper)[pri:0, instance:Runner.TestRunner@757acd7b]" started-at="2023-10-09T17:38:39 EDT" name="runScenario" description="Runs Cucumber Scenarios" data-provider="scenarios" finished-at="2023-10-09T17:38:40 EDT" duration-ms="531" status="PASS">
          <params>
            <param index="0">
              <value>
                <![CDATA["The user is able to navigate to a page having an tryEditor from Arrays Using List page"]]>
              </value>
            </param>
            <param index="1">
              <value>
                <![CDATA["User is on Array Page"]]>
              </value>
            </param>
          </params>
          <reporter-output>
          </reporter-output>
        </test-method> <!-- runScenario -->
        <test-method signature="runScenario(io.cucumber.testng.PickleWrapper,io.cucumber.testng.FeatureWrapper)[pri:0, instance:Runner.TestRunner@757acd7b]" started-at="2023-10-09T17:38:40 EDT" name="runScenario" description="Runs Cucumber Scenarios" data-provider="scenarios" finished-at="2023-10-09T17:38:40 EDT" duration-ms="763" status="PASS">
          <params>
            <param index="0">
              <value>
                <![CDATA["The user is able run code in tryEditor for Arrays Using List page"]]>
              </value>
            </param>
            <param index="1">
              <value>
                <![CDATA["User is on Array Page"]]>
              </value>
            </param>
          </params>
          <reporter-output>
          </reporter-output>
        </test-method> <!-- runScenario -->
        <test-method signature="runScenario(io.cucumber.testng.PickleWrapper,io.cucumber.testng.FeatureWrapper)[pri:0, instance:Runner.TestRunner@757acd7b]" started-at="2023-10-09T17:38:40 EDT" name="runScenario" description="Runs Cucumber Scenarios" data-provider="scenarios" finished-at="2023-10-09T17:38:43 EDT" duration-ms="2623" status="PASS">
          <params>
            <param index="0">
              <value>
                <![CDATA["The user is presented with error message for code with invalid syntax in tryEditor for Arrays Using List page"]]>
              </value>
            </param>
            <param index="1">
              <value>
                <![CDATA["User is on Array Page"]]>
              </value>
            </param>
          </params>
          <reporter-output>
          </reporter-output>
        </test-method> <!-- runScenario -->
        <test-method signature="runScenario(io.cucumber.testng.PickleWrapper,io.cucumber.testng.FeatureWrapper)[pri:0, instance:Runner.TestRunner@757acd7b]" started-at="2023-10-09T17:38:43 EDT" name="runScenario" description="Runs Cucumber Scenarios" data-provider="scenarios" finished-at="2023-10-09T17:38:43 EDT" duration-ms="361" status="PASS">
          <params>
            <param index="0">
              <value>
                <![CDATA["The user is able to navigate to Basic Operations in Lists page"]]>
              </value>
            </param>
            <param index="1">
              <value>
                <![CDATA["User is on Array Page"]]>
              </value>
            </param>
          </params>
          <reporter-output>
          </reporter-output>
        </test-method> <!-- runScenario -->
        <test-method signature="runScenario(io.cucumber.testng.PickleWrapper,io.cucumber.testng.FeatureWrapper)[pri:0, instance:Runner.TestRunner@757acd7b]" started-at="2023-10-09T17:38:43 EDT" name="runScenario" description="Runs Cucumber Scenarios" data-provider="scenarios" finished-at="2023-10-09T17:38:44 EDT" duration-ms="468" status="PASS">
          <params>
            <param index="0">
              <value>
                <![CDATA["The user is able to navigate to a page having an tryEditor from Basic Operations in Lists page"]]>
              </value>
            </param>
            <param index="1">
              <value>
                <![CDATA["User is on Array Page"]]>
              </value>
            </param>
          </params>
          <reporter-output>
          </reporter-output>
        </test-method> <!-- runScenario -->
        <test-method signature="runScenario(io.cucumber.testng.PickleWrapper,io.cucumber.testng.FeatureWrapper)[pri:0, instance:Runner.TestRunner@757acd7b]" started-at="2023-10-09T17:38:44 EDT" name="runScenario" description="Runs Cucumber Scenarios" data-provider="scenarios" finished-at="2023-10-09T17:38:45 EDT" duration-ms="706" status="PASS">
          <params>
            <param index="0">
              <value>
                <![CDATA["The user is able run code in tryEditor for Basic Operations in Lists page"]]>
              </value>
            </param>
            <param index="1">
              <value>
                <![CDATA["User is on Array Page"]]>
              </value>
            </param>
          </params>
          <reporter-output>
          </reporter-output>
        </test-method> <!-- runScenario -->
        <test-method signature="runScenario(io.cucumber.testng.PickleWrapper,io.cucumber.testng.FeatureWrapper)[pri:0, instance:Runner.TestRunner@757acd7b]" started-at="2023-10-09T17:38:45 EDT" name="runScenario" description="Runs Cucumber Scenarios" data-provider="scenarios" finished-at="2023-10-09T17:38:47 EDT" duration-ms="2552" status="PASS">
          <params>
            <param index="0">
              <value>
                <![CDATA["The user is presented with error message for code with invalid syntax in tryEditor for Basic Operations in Lists page"]]>
              </value>
            </param>
            <param index="1">
              <value>
                <![CDATA["User is on Array Page"]]>
              </value>
            </param>
          </params>
          <reporter-output>
          </reporter-output>
        </test-method> <!-- runScenario -->
        <test-method signature="runScenario(io.cucumber.testng.PickleWrapper,io.cucumber.testng.FeatureWrapper)[pri:0, instance:Runner.TestRunner@757acd7b]" started-at="2023-10-09T17:38:47 EDT" name="runScenario" description="Runs Cucumber Scenarios" data-provider="scenarios" finished-at="2023-10-09T17:38:48 EDT" duration-ms="442" status="PASS">
          <params>
            <param index="0">
              <value>
                <![CDATA["The user is able to navigate to Applications of Array page"]]>
              </value>
            </param>
            <param index="1">
              <value>
                <![CDATA["User is on Array Page"]]>
              </value>
            </param>
          </params>
          <reporter-output>
          </reporter-output>
        </test-method> <!-- runScenario -->
        <test-method signature="runScenario(io.cucumber.testng.PickleWrapper,io.cucumber.testng.FeatureWrapper)[pri:0, instance:Runner.TestRunner@757acd7b]" started-at="2023-10-09T17:38:48 EDT" name="runScenario" description="Runs Cucumber Scenarios" data-provider="scenarios" finished-at="2023-10-09T17:38:48 EDT" duration-ms="533" status="PASS">
          <params>
            <param index="0">
              <value>
                <![CDATA["The user is able to navigate to a page having an tryEditor from Applications of Array page"]]>
              </value>
            </param>
            <param index="1">
              <value>
                <![CDATA["User is on Array Page"]]>
              </value>
            </param>
          </params>
          <reporter-output>
          </reporter-output>
        </test-method> <!-- runScenario -->
        <test-method signature="runScenario(io.cucumber.testng.PickleWrapper,io.cucumber.testng.FeatureWrapper)[pri:0, instance:Runner.TestRunner@757acd7b]" started-at="2023-10-09T17:38:48 EDT" name="runScenario" description="Runs Cucumber Scenarios" data-provider="scenarios" finished-at="2023-10-09T17:38:49 EDT" duration-ms="728" status="PASS">
          <params>
            <param index="0">
              <value>
                <![CDATA["The user is able run code in tryEditor for Applications of Array page"]]>
              </value>
            </param>
            <param index="1">
              <value>
                <![CDATA["User is on Array Page"]]>
              </value>
            </param>
          </params>
          <reporter-output>
          </reporter-output>
        </test-method> <!-- runScenario -->
        <test-method signature="runScenario(io.cucumber.testng.PickleWrapper,io.cucumber.testng.FeatureWrapper)[pri:0, instance:Runner.TestRunner@757acd7b]" started-at="2023-10-09T17:38:49 EDT" name="runScenario" description="Runs Cucumber Scenarios" data-provider="scenarios" finished-at="2023-10-09T17:38:51 EDT" duration-ms="2638" status="PASS">
          <params>
            <param index="0">
              <value>
                <![CDATA["The user is presented with error message for code with invalid syntax in tryEditor for Applications of Array page"]]>
              </value>
            </param>
            <param index="1">
              <value>
                <![CDATA["User is on Array Page"]]>
              </value>
            </param>
          </params>
          <reporter-output>
          </reporter-output>
        </test-method> <!-- runScenario -->
        <test-method signature="runScenario(io.cucumber.testng.PickleWrapper,io.cucumber.testng.FeatureWrapper)[pri:0, instance:Runner.TestRunner@757acd7b]" started-at="2023-10-09T17:38:51 EDT" name="runScenario" description="Runs Cucumber Scenarios" data-provider="scenarios" finished-at="2023-10-09T17:38:52 EDT" duration-ms="335" status="PASS">
          <params>
            <param index="0">
              <value>
                <![CDATA["The user is able to navigate to Practice page"]]>
              </value>
            </param>
            <param index="1">
              <value>
                <![CDATA["User is on Array Page"]]>
              </value>
            </param>
          </params>
          <reporter-output>
          </reporter-output>
        </test-method> <!-- runScenario -->
        <test-method signature="runScenario(io.cucumber.testng.PickleWrapper,io.cucumber.testng.FeatureWrapper)[pri:0, instance:Runner.TestRunner@757acd7b]" started-at="2023-10-09T17:38:52 EDT" name="runScenario" description="Runs Cucumber Scenarios" data-provider="scenarios" finished-at="2023-10-09T17:38:52 EDT" duration-ms="469" status="PASS">
          <params>
            <param index="0">
              <value>
                <![CDATA["The user is able to navigate to Question page from Search the array link"]]>
              </value>
            </param>
            <param index="1">
              <value>
                <![CDATA["User is on Array Page"]]>
              </value>
            </param>
          </params>
          <reporter-output>
          </reporter-output>
        </test-method> <!-- runScenario -->
        <test-method signature="runScenario(io.cucumber.testng.PickleWrapper,io.cucumber.testng.FeatureWrapper)[pri:0, instance:Runner.TestRunner@757acd7b]" started-at="2023-10-09T17:38:52 EDT" name="runScenario" description="Runs Cucumber Scenarios" data-provider="scenarios" finished-at="2023-10-09T17:38:53 EDT" duration-ms="1039" status="PASS">
          <params>
            <param index="0">
              <value>
                <![CDATA["The user is able to run code in tryEditor for Search the array link"]]>
              </value>
            </param>
            <param index="1">
              <value>
                <![CDATA["User is on Array Page"]]>
              </value>
            </param>
          </params>
          <reporter-output>
          </reporter-output>
        </test-method> <!-- runScenario -->
        <test-method signature="runScenario(io.cucumber.testng.PickleWrapper,io.cucumber.testng.FeatureWrapper)[pri:0, instance:Runner.TestRunner@757acd7b]" started-at="2023-10-09T17:38:53 EDT" name="runScenario" description="Runs Cucumber Scenarios" data-provider="scenarios" finished-at="2023-10-09T17:38:55 EDT" duration-ms="1881" status="PASS">
          <params>
            <param index="0">
              <value>
                <![CDATA["The user is able to run code in tryEditor for Search the array link"]]>
              </value>
            </param>
            <param index="1">
              <value>
                <![CDATA["User is on Array Page"]]>
              </value>
            </param>
          </params>
          <reporter-output>
          </reporter-output>
        </test-method> <!-- runScenario -->
        <test-method signature="runScenario(io.cucumber.testng.PickleWrapper,io.cucumber.testng.FeatureWrapper)[pri:0, instance:Runner.TestRunner@757acd7b]" started-at="2023-10-09T17:38:55 EDT" name="runScenario" description="Runs Cucumber Scenarios" data-provider="scenarios" finished-at="2023-10-09T17:38:58 EDT" duration-ms="2702" status="PASS">
          <params>
            <param index="0">
              <value>
                <![CDATA["The user is presented with error message for code with invalid syntax in tryEditor for Search the array link"]]>
              </value>
            </param>
            <param index="1">
              <value>
                <![CDATA["User is on Array Page"]]>
              </value>
            </param>
          </params>
          <reporter-output>
          </reporter-output>
        </test-method> <!-- runScenario -->
        <test-method signature="runScenario(io.cucumber.testng.PickleWrapper,io.cucumber.testng.FeatureWrapper)[pri:0, instance:Runner.TestRunner@757acd7b]" started-at="2023-10-09T17:38:58 EDT" name="runScenario" description="Runs Cucumber Scenarios" data-provider="scenarios" finished-at="2023-10-09T17:38:58 EDT" duration-ms="540" status="PASS">
          <params>
            <param index="0">
              <value>
                <![CDATA["The user is able to navigate to Question page from Max Consecutive Ones"]]>
              </value>
            </param>
            <param index="1">
              <value>
                <![CDATA["User is on Array Page"]]>
              </value>
            </param>
          </params>
          <reporter-output>
          </reporter-output>
        </test-method> <!-- runScenario -->
        <test-method signature="runScenario(io.cucumber.testng.PickleWrapper,io.cucumber.testng.FeatureWrapper)[pri:0, instance:Runner.TestRunner@757acd7b]" started-at="2023-10-09T17:38:58 EDT" name="runScenario" description="Runs Cucumber Scenarios" data-provider="scenarios" finished-at="2023-10-09T17:38:59 EDT" duration-ms="972" status="PASS">
          <params>
            <param index="0">
              <value>
                <![CDATA["The user is able to run code in tryEditor for Max Consecutive Ones"]]>
              </value>
            </param>
            <param index="1">
              <value>
                <![CDATA["User is on Array Page"]]>
              </value>
            </param>
          </params>
          <reporter-output>
          </reporter-output>
        </test-method> <!-- runScenario -->
        <test-method signature="runScenario(io.cucumber.testng.PickleWrapper,io.cucumber.testng.FeatureWrapper)[pri:0, instance:Runner.TestRunner@757acd7b]" started-at="2023-10-09T17:38:59 EDT" name="runScenario" description="Runs Cucumber Scenarios" data-provider="scenarios" finished-at="2023-10-09T17:39:01 EDT" duration-ms="1901" status="PASS">
          <params>
            <param index="0">
              <value>
                <![CDATA["The user is able to submit code in tryEditor for Max Consecutive Ones"]]>
              </value>
            </param>
            <param index="1">
              <value>
                <![CDATA["User is on Array Page"]]>
              </value>
            </param>
          </params>
          <reporter-output>
          </reporter-output>
        </test-method> <!-- runScenario -->
        <test-method signature="runScenario(io.cucumber.testng.PickleWrapper,io.cucumber.testng.FeatureWrapper)[pri:0, instance:Runner.TestRunner@757acd7b]" started-at="2023-10-09T17:39:01 EDT" name="runScenario" description="Runs Cucumber Scenarios" data-provider="scenarios" finished-at="2023-10-09T17:39:04 EDT" duration-ms="2712" status="PASS">
          <params>
            <param index="0">
              <value>
                <![CDATA["The user is presented with error message for invalid code in tryEditor for Max Consecutive Ones"]]>
              </value>
            </param>
            <param index="1">
              <value>
                <![CDATA["User is on Array Page"]]>
              </value>
            </param>
          </params>
          <reporter-output>
          </reporter-output>
        </test-method> <!-- runScenario -->
        <test-method signature="runScenario(io.cucumber.testng.PickleWrapper,io.cucumber.testng.FeatureWrapper)[pri:0, instance:Runner.TestRunner@757acd7b]" started-at="2023-10-09T17:39:04 EDT" name="runScenario" description="Runs Cucumber Scenarios" data-provider="scenarios" finished-at="2023-10-09T17:39:05 EDT" duration-ms="681" status="PASS">
          <params>
            <param index="0">
              <value>
                <![CDATA["The user is able to navigate to Question page from Find Numbers with Even Number of Digits"]]>
              </value>
            </param>
            <param index="1">
              <value>
                <![CDATA["User is on Array Page"]]>
              </value>
            </param>
          </params>
          <reporter-output>
          </reporter-output>
        </test-method> <!-- runScenario -->
        <test-method signature="runScenario(io.cucumber.testng.PickleWrapper,io.cucumber.testng.FeatureWrapper)[pri:0, instance:Runner.TestRunner@757acd7b]" started-at="2023-10-09T17:39:05 EDT" name="runScenario" description="Runs Cucumber Scenarios" data-provider="scenarios" finished-at="2023-10-09T17:39:06 EDT" duration-ms="1044" status="PASS">
          <params>
            <param index="0">
              <value>
                <![CDATA["The user is able to run code in tryEditor for Find Numbers with Even Number of Digits"]]>
              </value>
            </param>
            <param index="1">
              <value>
                <![CDATA["User is on Array Page"]]>
              </value>
            </param>
          </params>
          <reporter-output>
          </reporter-output>
        </test-method> <!-- runScenario -->
        <test-method signature="runScenario(io.cucumber.testng.PickleWrapper,io.cucumber.testng.FeatureWrapper)[pri:0, instance:Runner.TestRunner@757acd7b]" started-at="2023-10-09T17:39:06 EDT" name="runScenario" description="Runs Cucumber Scenarios" data-provider="scenarios" finished-at="2023-10-09T17:39:08 EDT" duration-ms="1968" status="PASS">
          <params>
            <param index="0">
              <value>
                <![CDATA["The user is able to submit code in tryEditor for Find Numbers with Even Number of Digits"]]>
              </value>
            </param>
            <param index="1">
              <value>
                <![CDATA["User is on Array Page"]]>
              </value>
            </param>
          </params>
          <reporter-output>
          </reporter-output>
        </test-method> <!-- runScenario -->
        <test-method signature="runScenario(io.cucumber.testng.PickleWrapper,io.cucumber.testng.FeatureWrapper)[pri:0, instance:Runner.TestRunner@757acd7b]" started-at="2023-10-09T17:39:08 EDT" name="runScenario" description="Runs Cucumber Scenarios" data-provider="scenarios" finished-at="2023-10-09T17:39:11 EDT" duration-ms="2883" status="PASS">
          <params>
            <param index="0">
              <value>
                <![CDATA["The user is presented with error message for invalid code in tryEditor for Find Numbers with Even Number of Digits"]]>
              </value>
            </param>
            <param index="1">
              <value>
                <![CDATA["User is on Array Page"]]>
              </value>
            </param>
          </params>
          <reporter-output>
          </reporter-output>
        </test-method> <!-- runScenario -->
        <test-method signature="runScenario(io.cucumber.testng.PickleWrapper,io.cucumber.testng.FeatureWrapper)[pri:0, instance:Runner.TestRunner@757acd7b]" started-at="2023-10-09T17:39:11 EDT" name="runScenario" description="Runs Cucumber Scenarios" data-provider="scenarios" finished-at="2023-10-09T17:39:11 EDT" duration-ms="643" status="PASS">
          <params>
            <param index="0">
              <value>
                <![CDATA["The user is able to navigate to Question page from Squares of a Sorted Array"]]>
              </value>
            </param>
            <param index="1">
              <value>
                <![CDATA["User is on Array Page"]]>
              </value>
            </param>
          </params>
          <reporter-output>
          </reporter-output>
        </test-method> <!-- runScenario -->
        <test-method signature="runScenario(io.cucumber.testng.PickleWrapper,io.cucumber.testng.FeatureWrapper)[pri:0, instance:Runner.TestRunner@757acd7b]" started-at="2023-10-09T17:39:11 EDT" name="runScenario" description="Runs Cucumber Scenarios" data-provider="scenarios" finished-at="2023-10-09T17:39:12 EDT" duration-ms="1189" status="PASS">
          <params>
            <param index="0">
              <value>
                <![CDATA["The user is able to run code in tryEditor for Squares of a Sorted Array"]]>
              </value>
            </param>
            <param index="1">
              <value>
                <![CDATA["User is on Array Page"]]>
              </value>
            </param>
          </params>
          <reporter-output>
          </reporter-output>
        </test-method> <!-- runScenario -->
        <test-method signature="runScenario(io.cucumber.testng.PickleWrapper,io.cucumber.testng.FeatureWrapper)[pri:0, instance:Runner.TestRunner@757acd7b]" started-at="2023-10-09T17:39:12 EDT" name="runScenario" description="Runs Cucumber Scenarios" data-provider="scenarios" finished-at="2023-10-09T17:39:14 EDT" duration-ms="2057" status="PASS">
          <params>
            <param index="0">
              <value>
                <![CDATA["The user is able to submit code in tryEditor for Squares of a Sorted Array"]]>
              </value>
            </param>
            <param index="1">
              <value>
                <![CDATA["User is on Array Page"]]>
              </value>
            </param>
          </params>
          <reporter-output>
          </reporter-output>
        </test-method> <!-- runScenario -->
        <test-method signature="runScenario(io.cucumber.testng.PickleWrapper,io.cucumber.testng.FeatureWrapper)[pri:0, instance:Runner.TestRunner@757acd7b]" started-at="2023-10-09T17:39:14 EDT" name="runScenario" description="Runs Cucumber Scenarios" data-provider="scenarios" finished-at="2023-10-09T17:39:17 EDT" duration-ms="2836" status="PASS">
          <params>
            <param index="0">
              <value>
                <![CDATA["The user is presented with error message for invalid code in tryEditor for Squares of a Sorted Array"]]>
              </value>
            </param>
            <param index="1">
              <value>
                <![CDATA["User is on Array Page"]]>
              </value>
            </param>
          </params>
          <reporter-output>
          </reporter-output>
        </test-method> <!-- runScenario -->
        <test-method signature="runScenario(io.cucumber.testng.PickleWrapper,io.cucumber.testng.FeatureWrapper)[pri:0, instance:Runner.TestRunner@757acd7b]" started-at="2023-10-09T17:39:17 EDT" name="runScenario" description="Runs Cucumber Scenarios" data-provider="scenarios" finished-at="2023-10-09T17:39:18 EDT" duration-ms="361" status="PASS">
          <params>
            <param index="0">
              <value>
                <![CDATA["The user is able to navigate to DS Page"]]>
              </value>
            </param>
            <param index="1">
              <value>
                <![CDATA["Testing the Data Structure Page"]]>
              </value>
            </param>
          </params>
          <reporter-output>
          </reporter-output>
        </test-method> <!-- runScenario -->
        <test-method signature="runScenario(io.cucumber.testng.PickleWrapper,io.cucumber.testng.FeatureWrapper)[pri:0, instance:Runner.TestRunner@757acd7b]" started-at="2023-10-09T17:39:18 EDT" name="runScenario" description="Runs Cucumber Scenarios" data-provider="scenarios" finished-at="2023-10-09T17:39:18 EDT" duration-ms="766" status="PASS">
          <params>
            <param index="0">
              <value>
                <![CDATA["The user is able run code in tryEditor for DS page"]]>
              </value>
            </param>
            <param index="1">
              <value>
                <![CDATA["Testing the Data Structure Page"]]>
              </value>
            </param>
          </params>
          <reporter-output>
          </reporter-output>
        </test-method> <!-- runScenario -->
        <test-method signature="runScenario(io.cucumber.testng.PickleWrapper,io.cucumber.testng.FeatureWrapper)[pri:0, instance:Runner.TestRunner@757acd7b]" started-at="2023-10-09T17:39:18 EDT" name="runScenario" description="Runs Cucumber Scenarios" data-provider="scenarios" finished-at="2023-10-09T17:39:21 EDT" duration-ms="2556" status="PASS">
          <params>
            <param index="0">
              <value>
                <![CDATA["The user is presented with error message for code with invalid syntax in tryEditor for DS page"]]>
              </value>
            </param>
            <param index="1">
              <value>
                <![CDATA["Testing the Data Structure Page"]]>
              </value>
            </param>
          </params>
          <reporter-output>
          </reporter-output>
        </test-method> <!-- runScenario -->
        <test-method signature="runScenario(io.cucumber.testng.PickleWrapper,io.cucumber.testng.FeatureWrapper)[pri:0, instance:Runner.TestRunner@757acd7b]" started-at="2023-10-09T17:39:21 EDT" name="runScenario" description="Runs Cucumber Scenarios" data-provider="scenarios" finished-at="2023-10-09T17:39:21 EDT" duration-ms="352" status="PASS">
          <params>
            <param index="0">
              <value>
                <![CDATA["The user is able to navigate to Graph Page"]]>
              </value>
            </param>
            <param index="1">
              <value>
                <![CDATA["Testing the Graph Page"]]>
              </value>
            </param>
          </params>
          <reporter-output>
          </reporter-output>
        </test-method> <!-- runScenario -->
        <test-method signature="runScenario(io.cucumber.testng.PickleWrapper,io.cucumber.testng.FeatureWrapper)[pri:0, instance:Runner.TestRunner@757acd7b]" started-at="2023-10-09T17:39:21 EDT" name="runScenario" description="Runs Cucumber Scenarios" data-provider="scenarios" finished-at="2023-10-09T17:39:22 EDT" duration-ms="719" status="PASS">
          <params>
            <param index="0">
              <value>
                <![CDATA["The user is able run code in tryEditor for Implementation of Queue page"]]>
              </value>
            </param>
            <param index="1">
              <value>
                <![CDATA["Testing the Graph Page"]]>
              </value>
            </param>
          </params>
          <reporter-output>
          </reporter-output>
        </test-method> <!-- runScenario -->
        <test-method signature="runScenario(io.cucumber.testng.PickleWrapper,io.cucumber.testng.FeatureWrapper)[pri:0, instance:Runner.TestRunner@757acd7b]" started-at="2023-10-09T17:39:22 EDT" name="runScenario" description="Runs Cucumber Scenarios" data-provider="scenarios" finished-at="2023-10-09T17:39:25 EDT" duration-ms="2567" status="PASS">
          <params>
            <param index="0">
              <value>
                <![CDATA["The user is presented with error message for code with invalid syntax in tryEditor for Implementation of Queue page"]]>
              </value>
            </param>
            <param index="1">
              <value>
                <![CDATA["Testing the Graph Page"]]>
              </value>
            </param>
          </params>
          <reporter-output>
          </reporter-output>
        </test-method> <!-- runScenario -->
        <test-method signature="runScenario(io.cucumber.testng.PickleWrapper,io.cucumber.testng.FeatureWrapper)[pri:0, instance:Runner.TestRunner@757acd7b]" started-at="2023-10-09T17:39:25 EDT" name="runScenario" description="Runs Cucumber Scenarios" data-provider="scenarios" finished-at="2023-10-09T17:39:25 EDT" duration-ms="676" status="PASS">
          <params>
            <param index="0">
              <value>
                <![CDATA["The user is able to navigate to Graph Page"]]>
              </value>
            </param>
            <param index="1">
              <value>
                <![CDATA["Testing the Graph Page"]]>
              </value>
            </param>
          </params>
          <reporter-output>
          </reporter-output>
        </test-method> <!-- runScenario -->
        <test-method signature="runScenario(io.cucumber.testng.PickleWrapper,io.cucumber.testng.FeatureWrapper)[pri:0, instance:Runner.TestRunner@757acd7b]" started-at="2023-10-09T17:39:25 EDT" name="runScenario" description="Runs Cucumber Scenarios" data-provider="scenarios" finished-at="2023-10-09T17:39:26 EDT" duration-ms="703" status="PASS">
          <params>
            <param index="0">
              <value>
                <![CDATA["The user is able run code in tryEditor for Implementation of Queue page"]]>
              </value>
            </param>
            <param index="1">
              <value>
                <![CDATA["Testing the Graph Page"]]>
              </value>
            </param>
          </params>
          <reporter-output>
          </reporter-output>
        </test-method> <!-- runScenario -->
        <test-method signature="runScenario(io.cucumber.testng.PickleWrapper,io.cucumber.testng.FeatureWrapper)[pri:0, instance:Runner.TestRunner@757acd7b]" started-at="2023-10-09T17:39:26 EDT" name="runScenario" description="Runs Cucumber Scenarios" data-provider="scenarios" finished-at="2023-10-09T17:39:29 EDT" duration-ms="2512" status="PASS">
          <params>
            <param index="0">
              <value>
                <![CDATA["The user is presented with error message for code with invalid syntax in tryEditor for Implementation of Queue page"]]>
              </value>
            </param>
            <param index="1">
              <value>
                <![CDATA["Testing the Graph Page"]]>
              </value>
            </param>
          </params>
          <reporter-output>
          </reporter-output>
        </test-method> <!-- runScenario -->
        <test-method signature="runScenario(io.cucumber.testng.PickleWrapper,io.cucumber.testng.FeatureWrapper)[pri:0, instance:Runner.TestRunner@757acd7b]" started-at="2023-10-09T17:39:29 EDT" name="runScenario" description="Runs Cucumber Scenarios" data-provider="scenarios" finished-at="2023-10-09T17:39:29 EDT" duration-ms="577" status="PASS">
          <params>
            <param index="0">
              <value>
                <![CDATA["The user is on the Home page and click Get started link with out sign in"]]>
              </value>
            </param>
            <param index="1">
              <value>
                <![CDATA["User is on DS ALgo Home page"]]>
              </value>
            </param>
          </params>
          <reporter-output>
          </reporter-output>
        </test-method> <!-- runScenario -->
        <test-method signature="runScenario(io.cucumber.testng.PickleWrapper,io.cucumber.testng.FeatureWrapper)[pri:0, instance:Runner.TestRunner@757acd7b]" started-at="2023-10-09T17:39:29 EDT" name="runScenario" description="Runs Cucumber Scenarios" data-provider="scenarios" finished-at="2023-10-09T17:39:30 EDT" duration-ms="431" status="PASS">
          <params>
            <param index="0">
              <value>
                <![CDATA["The user is on the Home page and click Get started link with out sign in"]]>
              </value>
            </param>
            <param index="1">
              <value>
                <![CDATA["User is on DS ALgo Home page"]]>
              </value>
            </param>
          </params>
          <reporter-output>
          </reporter-output>
        </test-method> <!-- runScenario -->
        <test-method signature="runScenario(io.cucumber.testng.PickleWrapper,io.cucumber.testng.FeatureWrapper)[pri:0, instance:Runner.TestRunner@757acd7b]" started-at="2023-10-09T17:39:30 EDT" name="runScenario" description="Runs Cucumber Scenarios" data-provider="scenarios" finished-at="2023-10-09T17:39:30 EDT" duration-ms="453" status="PASS">
          <params>
            <param index="0">
              <value>
                <![CDATA["The user is on the Home page and click Get started link with out sign in"]]>
              </value>
            </param>
            <param index="1">
              <value>
                <![CDATA["User is on DS ALgo Home page"]]>
              </value>
            </param>
          </params>
          <reporter-output>
          </reporter-output>
        </test-method> <!-- runScenario -->
        <test-method signature="runScenario(io.cucumber.testng.PickleWrapper,io.cucumber.testng.FeatureWrapper)[pri:0, instance:Runner.TestRunner@757acd7b]" started-at="2023-10-09T17:39:30 EDT" name="runScenario" description="Runs Cucumber Scenarios" data-provider="scenarios" finished-at="2023-10-09T17:39:31 EDT" duration-ms="608" status="PASS">
          <params>
            <param index="0">
              <value>
                <![CDATA["The user is on the Home page and click Get started link with out sign in"]]>
              </value>
            </param>
            <param index="1">
              <value>
                <![CDATA["User is on DS ALgo Home page"]]>
              </value>
            </param>
          </params>
          <reporter-output>
          </reporter-output>
        </test-method> <!-- runScenario -->
        <test-method signature="runScenario(io.cucumber.testng.PickleWrapper,io.cucumber.testng.FeatureWrapper)[pri:0, instance:Runner.TestRunner@757acd7b]" started-at="2023-10-09T17:39:31 EDT" name="runScenario" description="Runs Cucumber Scenarios" data-provider="scenarios" finished-at="2023-10-09T17:39:31 EDT" duration-ms="463" status="PASS">
          <params>
            <param index="0">
              <value>
                <![CDATA["The user is on the Home page and click Get started link with out sign in"]]>
              </value>
            </param>
            <param index="1">
              <value>
                <![CDATA["User is on DS ALgo Home page"]]>
              </value>
            </param>
          </params>
          <reporter-output>
          </reporter-output>
        </test-method> <!-- runScenario -->
        <test-method signature="runScenario(io.cucumber.testng.PickleWrapper,io.cucumber.testng.FeatureWrapper)[pri:0, instance:Runner.TestRunner@757acd7b]" started-at="2023-10-09T17:39:31 EDT" name="runScenario" description="Runs Cucumber Scenarios" data-provider="scenarios" finished-at="2023-10-09T17:39:32 EDT" duration-ms="420" status="PASS">
          <params>
            <param index="0">
              <value>
                <![CDATA["The user is on the Home page and click Get started link with out sign in"]]>
              </value>
            </param>
            <param index="1">
              <value>
                <![CDATA["User is on DS ALgo Home page"]]>
              </value>
            </param>
          </params>
          <reporter-output>
          </reporter-output>
        </test-method> <!-- runScenario -->
        <test-method signature="runScenario(io.cucumber.testng.PickleWrapper,io.cucumber.testng.FeatureWrapper)[pri:0, instance:Runner.TestRunner@757acd7b]" started-at="2023-10-09T17:39:32 EDT" name="runScenario" description="Runs Cucumber Scenarios" data-provider="scenarios" finished-at="2023-10-09T17:39:32 EDT" duration-ms="475" status="PASS">
          <params>
            <param index="0">
              <value>
                <![CDATA["The user is on the Home page and click Get started link with out sign in"]]>
              </value>
            </param>
            <param index="1">
              <value>
                <![CDATA["User is on DS ALgo Home page"]]>
              </value>
            </param>
          </params>
          <reporter-output>
          </reporter-output>
        </test-method> <!-- runScenario -->
        <test-method signature="runScenario(io.cucumber.testng.PickleWrapper,io.cucumber.testng.FeatureWrapper)[pri:0, instance:Runner.TestRunner@757acd7b]" started-at="2023-10-09T17:39:32 EDT" name="runScenario" description="Runs Cucumber Scenarios" data-provider="scenarios" finished-at="2023-10-09T17:39:33 EDT" duration-ms="647" status="PASS">
          <params>
            <param index="0">
              <value>
                <![CDATA["The user is on the Home page and click on dropdown without sign in"]]>
              </value>
            </param>
            <param index="1">
              <value>
                <![CDATA["User is on DS ALgo Home page"]]>
              </value>
            </param>
          </params>
          <reporter-output>
          </reporter-output>
        </test-method> <!-- runScenario -->
        <test-method signature="runScenario(io.cucumber.testng.PickleWrapper,io.cucumber.testng.FeatureWrapper)[pri:0, instance:Runner.TestRunner@757acd7b]" started-at="2023-10-09T17:39:33 EDT" name="runScenario" description="Runs Cucumber Scenarios" data-provider="scenarios" finished-at="2023-10-09T17:39:33 EDT" duration-ms="604" status="PASS">
          <params>
            <param index="0">
              <value>
                <![CDATA["The user is on the Home page and click on dropdown without sign in"]]>
              </value>
            </param>
            <param index="1">
              <value>
                <![CDATA["User is on DS ALgo Home page"]]>
              </value>
            </param>
          </params>
          <reporter-output>
          </reporter-output>
        </test-method> <!-- runScenario -->
        <test-method signature="runScenario(io.cucumber.testng.PickleWrapper,io.cucumber.testng.FeatureWrapper)[pri:0, instance:Runner.TestRunner@757acd7b]" started-at="2023-10-09T17:39:33 EDT" name="runScenario" description="Runs Cucumber Scenarios" data-provider="scenarios" finished-at="2023-10-09T17:39:34 EDT" duration-ms="826" status="PASS">
          <params>
            <param index="0">
              <value>
                <![CDATA["The user is on the Home page and click on dropdown without sign in"]]>
              </value>
            </param>
            <param index="1">
              <value>
                <![CDATA["User is on DS ALgo Home page"]]>
              </value>
            </param>
          </params>
          <reporter-output>
          </reporter-output>
        </test-method> <!-- runScenario -->
        <test-method signature="runScenario(io.cucumber.testng.PickleWrapper,io.cucumber.testng.FeatureWrapper)[pri:0, instance:Runner.TestRunner@757acd7b]" started-at="2023-10-09T17:39:34 EDT" name="runScenario" description="Runs Cucumber Scenarios" data-provider="scenarios" finished-at="2023-10-09T17:39:35 EDT" duration-ms="633" status="PASS">
          <params>
            <param index="0">
              <value>
                <![CDATA["The user is on the Home page and click on dropdown without sign in"]]>
              </value>
            </param>
            <param index="1">
              <value>
                <![CDATA["User is on DS ALgo Home page"]]>
              </value>
            </param>
          </params>
          <reporter-output>
          </reporter-output>
        </test-method> <!-- runScenario -->
        <test-method signature="runScenario(io.cucumber.testng.PickleWrapper,io.cucumber.testng.FeatureWrapper)[pri:0, instance:Runner.TestRunner@757acd7b]" started-at="2023-10-09T17:39:35 EDT" name="runScenario" description="Runs Cucumber Scenarios" data-provider="scenarios" finished-at="2023-10-09T17:39:35 EDT" duration-ms="582" status="PASS">
          <params>
            <param index="0">
              <value>
                <![CDATA["The user is on the Home page and click on dropdown without sign in"]]>
              </value>
            </param>
            <param index="1">
              <value>
                <![CDATA["User is on DS ALgo Home page"]]>
              </value>
            </param>
          </params>
          <reporter-output>
          </reporter-output>
        </test-method> <!-- runScenario -->
        <test-method signature="runScenario(io.cucumber.testng.PickleWrapper,io.cucumber.testng.FeatureWrapper)[pri:0, instance:Runner.TestRunner@757acd7b]" started-at="2023-10-09T17:39:35 EDT" name="runScenario" description="Runs Cucumber Scenarios" data-provider="scenarios" finished-at="2023-10-09T17:39:36 EDT" duration-ms="591" status="PASS">
          <params>
            <param index="0">
              <value>
                <![CDATA["The user is on the Home page and click on dropdown without sign in"]]>
              </value>
            </param>
            <param index="1">
              <value>
                <![CDATA["User is on DS ALgo Home page"]]>
              </value>
            </param>
          </params>
          <reporter-output>
          </reporter-output>
        </test-method> <!-- runScenario -->
        <test-method signature="runScenario(io.cucumber.testng.PickleWrapper,io.cucumber.testng.FeatureWrapper)[pri:0, instance:Runner.TestRunner@757acd7b]" started-at="2023-10-09T17:39:36 EDT" name="runScenario" description="Runs Cucumber Scenarios" data-provider="scenarios" finished-at="2023-10-09T17:39:36 EDT" duration-ms="327" status="PASS">
          <params>
            <param index="0">
              <value>
                <![CDATA["The user is on the Home page and click on Register without sign in"]]>
              </value>
            </param>
            <param index="1">
              <value>
                <![CDATA["User is on DS ALgo Home page"]]>
              </value>
            </param>
          </params>
          <reporter-output>
          </reporter-output>
        </test-method> <!-- runScenario -->
        <test-method signature="runScenario(io.cucumber.testng.PickleWrapper,io.cucumber.testng.FeatureWrapper)[pri:0, instance:Runner.TestRunner@757acd7b]" started-at="2023-10-09T17:39:36 EDT" name="runScenario" description="Runs Cucumber Scenarios" data-provider="scenarios" finished-at="2023-10-09T17:39:37 EDT" duration-ms="369" status="PASS">
          <params>
            <param index="0">
              <value>
                <![CDATA["The user is on the Home page and click on Sign in"]]>
              </value>
            </param>
            <param index="1">
              <value>
                <![CDATA["User is on DS ALgo Home page"]]>
              </value>
            </param>
          </params>
          <reporter-output>
          </reporter-output>
        </test-method> <!-- runScenario -->
        <test-method signature="runScenario(io.cucumber.testng.PickleWrapper,io.cucumber.testng.FeatureWrapper)[pri:0, instance:Runner.TestRunner@757acd7b]" started-at="2023-10-09T17:39:37 EDT" name="runScenario" description="Runs Cucumber Scenarios" data-provider="scenarios" finished-at="2023-10-09T17:39:37 EDT" duration-ms="403" status="PASS">
          <params>
            <param index="0">
              <value>
                <![CDATA["User navigated to Introduction page"]]>
              </value>
            </param>
            <param index="1">
              <value>
                <![CDATA["User is on LinkedList page"]]>
              </value>
            </param>
          </params>
          <reporter-output>
          </reporter-output>
        </test-method> <!-- runScenario -->
        <test-method signature="runScenario(io.cucumber.testng.PickleWrapper,io.cucumber.testng.FeatureWrapper)[pri:0, instance:Runner.TestRunner@757acd7b]" started-at="2023-10-09T17:39:37 EDT" name="runScenario" description="Runs Cucumber Scenarios" data-provider="scenarios" finished-at="2023-10-09T17:39:38 EDT" duration-ms="662" status="PASS">
          <params>
            <param index="0">
              <value>
                <![CDATA["User navigated to tryEditor page with Run button from Introduction page"]]>
              </value>
            </param>
            <param index="1">
              <value>
                <![CDATA["User is on LinkedList page"]]>
              </value>
            </param>
          </params>
          <reporter-output>
          </reporter-output>
        </test-method> <!-- runScenario -->
        <test-method signature="runScenario(io.cucumber.testng.PickleWrapper,io.cucumber.testng.FeatureWrapper)[pri:0, instance:Runner.TestRunner@757acd7b]" started-at="2023-10-09T17:39:38 EDT" name="runScenario" description="Runs Cucumber Scenarios" data-provider="scenarios" finished-at="2023-10-09T17:39:39 EDT" duration-ms="953" status="PASS">
          <params>
            <param index="0">
              <value>
                <![CDATA["The user run the code in tryEditor with valid input for Introduction page"]]>
              </value>
            </param>
            <param index="1">
              <value>
                <![CDATA["User is on LinkedList page"]]>
              </value>
            </param>
          </params>
          <reporter-output>
          </reporter-output>
        </test-method> <!-- runScenario -->
        <test-method signature="runScenario(io.cucumber.testng.PickleWrapper,io.cucumber.testng.FeatureWrapper)[pri:0, instance:Runner.TestRunner@757acd7b]" started-at="2023-10-09T17:39:39 EDT" name="runScenario" description="Runs Cucumber Scenarios" data-provider="scenarios" finished-at="2023-10-09T17:39:41 EDT" duration-ms="2549" status="PASS">
          <params>
            <param index="0">
              <value>
                <![CDATA["The user getting error message with invalid python code for Introduction page"]]>
              </value>
            </param>
            <param index="1">
              <value>
                <![CDATA["User is on LinkedList page"]]>
              </value>
            </param>
          </params>
          <reporter-output>
          </reporter-output>
        </test-method> <!-- runScenario -->
        <test-method signature="runScenario(io.cucumber.testng.PickleWrapper,io.cucumber.testng.FeatureWrapper)[pri:0, instance:Runner.TestRunner@757acd7b]" started-at="2023-10-09T17:39:41 EDT" name="runScenario" description="Runs Cucumber Scenarios" data-provider="scenarios" finished-at="2023-10-09T17:39:42 EDT" duration-ms="382" status="PASS">
          <params>
            <param index="0">
              <value>
                <![CDATA["User navigated to creating linked list page"]]>
              </value>
            </param>
            <param index="1">
              <value>
                <![CDATA["User is on LinkedList page"]]>
              </value>
            </param>
          </params>
          <reporter-output>
          </reporter-output>
        </test-method> <!-- runScenario -->
        <test-method signature="runScenario(io.cucumber.testng.PickleWrapper,io.cucumber.testng.FeatureWrapper)[pri:0, instance:Runner.TestRunner@757acd7b]" started-at="2023-10-09T17:39:42 EDT" name="runScenario" description="Runs Cucumber Scenarios" data-provider="scenarios" finished-at="2023-10-09T17:39:42 EDT" duration-ms="470" status="PASS">
          <params>
            <param index="0">
              <value>
                <![CDATA["User navigated to tryEditor page with Run button from Creating a Linked List page"]]>
              </value>
            </param>
            <param index="1">
              <value>
                <![CDATA["User is on LinkedList page"]]>
              </value>
            </param>
          </params>
          <reporter-output>
          </reporter-output>
        </test-method> <!-- runScenario -->
        <test-method signature="runScenario(io.cucumber.testng.PickleWrapper,io.cucumber.testng.FeatureWrapper)[pri:0, instance:Runner.TestRunner@757acd7b]" started-at="2023-10-09T17:39:42 EDT" name="runScenario" description="Runs Cucumber Scenarios" data-provider="scenarios" finished-at="2023-10-09T17:39:43 EDT" duration-ms="701" status="PASS">
          <params>
            <param index="0">
              <value>
                <![CDATA["The user run the code in tryEditor with valid input for Creating a Linked List page"]]>
              </value>
            </param>
            <param index="1">
              <value>
                <![CDATA["User is on LinkedList page"]]>
              </value>
            </param>
          </params>
          <reporter-output>
          </reporter-output>
        </test-method> <!-- runScenario -->
        <test-method signature="runScenario(io.cucumber.testng.PickleWrapper,io.cucumber.testng.FeatureWrapper)[pri:0, instance:Runner.TestRunner@757acd7b]" started-at="2023-10-09T17:39:43 EDT" name="runScenario" description="Runs Cucumber Scenarios" data-provider="scenarios" finished-at="2023-10-09T17:39:45 EDT" duration-ms="2595" status="PASS">
          <params>
            <param index="0">
              <value>
                <![CDATA["The user getting error message with invalid python code for Creating a Linked List page"]]>
              </value>
            </param>
            <param index="1">
              <value>
                <![CDATA["User is on LinkedList page"]]>
              </value>
            </param>
          </params>
          <reporter-output>
          </reporter-output>
        </test-method> <!-- runScenario -->
        <test-method signature="runScenario(io.cucumber.testng.PickleWrapper,io.cucumber.testng.FeatureWrapper)[pri:0, instance:Runner.TestRunner@757acd7b]" started-at="2023-10-09T17:39:45 EDT" name="runScenario" description="Runs Cucumber Scenarios" data-provider="scenarios" finished-at="2023-10-09T17:39:46 EDT" duration-ms="432" status="PASS">
          <params>
            <param index="0">
              <value>
                <![CDATA["User navigated to Types of linked list page"]]>
              </value>
            </param>
            <param index="1">
              <value>
                <![CDATA["User is on LinkedList page"]]>
              </value>
            </param>
          </params>
          <reporter-output>
          </reporter-output>
        </test-method> <!-- runScenario -->
        <test-method signature="runScenario(io.cucumber.testng.PickleWrapper,io.cucumber.testng.FeatureWrapper)[pri:0, instance:Runner.TestRunner@757acd7b]" started-at="2023-10-09T17:39:46 EDT" name="runScenario" description="Runs Cucumber Scenarios" data-provider="scenarios" finished-at="2023-10-09T17:39:46 EDT" duration-ms="532" status="PASS">
          <params>
            <param index="0">
              <value>
                <![CDATA["User navigated to tryEditor page with Run button from Types of Linked List"]]>
              </value>
            </param>
            <param index="1">
              <value>
                <![CDATA["User is on LinkedList page"]]>
              </value>
            </param>
          </params>
          <reporter-output>
          </reporter-output>
        </test-method> <!-- runScenario -->
        <test-method signature="runScenario(io.cucumber.testng.PickleWrapper,io.cucumber.testng.FeatureWrapper)[pri:0, instance:Runner.TestRunner@757acd7b]" started-at="2023-10-09T17:39:46 EDT" name="runScenario" description="Runs Cucumber Scenarios" data-provider="scenarios" finished-at="2023-10-09T17:39:47 EDT" duration-ms="749" status="PASS">
          <params>
            <param index="0">
              <value>
                <![CDATA["The user run the code in tryEditor with valid input for Types of Linked List"]]>
              </value>
            </param>
            <param index="1">
              <value>
                <![CDATA["User is on LinkedList page"]]>
              </value>
            </param>
          </params>
          <reporter-output>
          </reporter-output>
        </test-method> <!-- runScenario -->
        <test-method signature="runScenario(io.cucumber.testng.PickleWrapper,io.cucumber.testng.FeatureWrapper)[pri:0, instance:Runner.TestRunner@757acd7b]" started-at="2023-10-09T17:39:47 EDT" name="runScenario" description="Runs Cucumber Scenarios" data-provider="scenarios" finished-at="2023-10-09T17:39:50 EDT" duration-ms="2512" status="PASS">
          <params>
            <param index="0">
              <value>
                <![CDATA["The user getting error message with invalid python code for Types of Linked List"]]>
              </value>
            </param>
            <param index="1">
              <value>
                <![CDATA["User is on LinkedList page"]]>
              </value>
            </param>
          </params>
          <reporter-output>
          </reporter-output>
        </test-method> <!-- runScenario -->
        <test-method signature="runScenario(io.cucumber.testng.PickleWrapper,io.cucumber.testng.FeatureWrapper)[pri:0, instance:Runner.TestRunner@757acd7b]" started-at="2023-10-09T17:39:50 EDT" name="runScenario" description="Runs Cucumber Scenarios" data-provider="scenarios" finished-at="2023-10-09T17:39:50 EDT" duration-ms="422" status="PASS">
          <params>
            <param index="0">
              <value>
                <![CDATA["user navigated to Implementation linked list in python page"]]>
              </value>
            </param>
            <param index="1">
              <value>
                <![CDATA["User is on LinkedList page"]]>
              </value>
            </param>
          </params>
          <reporter-output>
          </reporter-output>
        </test-method> <!-- runScenario -->
        <test-method signature="runScenario(io.cucumber.testng.PickleWrapper,io.cucumber.testng.FeatureWrapper)[pri:0, instance:Runner.TestRunner@757acd7b]" started-at="2023-10-09T17:39:50 EDT" name="runScenario" description="Runs Cucumber Scenarios" data-provider="scenarios" finished-at="2023-10-09T17:39:50 EDT" duration-ms="470" status="PASS">
          <params>
            <param index="0">
              <value>
                <![CDATA["User navigated to tryEditor page with Run button from Implement Linked List in Python page"]]>
              </value>
            </param>
            <param index="1">
              <value>
                <![CDATA["User is on LinkedList page"]]>
              </value>
            </param>
          </params>
          <reporter-output>
          </reporter-output>
        </test-method> <!-- runScenario -->
        <test-method signature="runScenario(io.cucumber.testng.PickleWrapper,io.cucumber.testng.FeatureWrapper)[pri:0, instance:Runner.TestRunner@757acd7b]" started-at="2023-10-09T17:39:50 EDT" name="runScenario" description="Runs Cucumber Scenarios" data-provider="scenarios" finished-at="2023-10-09T17:39:51 EDT" duration-ms="669" status="PASS">
          <params>
            <param index="0">
              <value>
                <![CDATA["The user run the code in tryEditor with valid input for Implement Linked List in Python page"]]>
              </value>
            </param>
            <param index="1">
              <value>
                <![CDATA["User is on LinkedList page"]]>
              </value>
            </param>
          </params>
          <reporter-output>
          </reporter-output>
        </test-method> <!-- runScenario -->
        <test-method signature="runScenario(io.cucumber.testng.PickleWrapper,io.cucumber.testng.FeatureWrapper)[pri:0, instance:Runner.TestRunner@757acd7b]" started-at="2023-10-09T17:39:51 EDT" name="runScenario" description="Runs Cucumber Scenarios" data-provider="scenarios" finished-at="2023-10-09T17:39:54 EDT" duration-ms="2526" status="PASS">
          <params>
            <param index="0">
              <value>
                <![CDATA["The user getting error message with invalid python code for Implement Linked List in Python page"]]>
              </value>
            </param>
            <param index="1">
              <value>
                <![CDATA["User is on LinkedList page"]]>
              </value>
            </param>
          </params>
          <reporter-output>
          </reporter-output>
        </test-method> <!-- runScenario -->
        <test-method signature="runScenario(io.cucumber.testng.PickleWrapper,io.cucumber.testng.FeatureWrapper)[pri:0, instance:Runner.TestRunner@757acd7b]" started-at="2023-10-09T17:39:54 EDT" name="runScenario" description="Runs Cucumber Scenarios" data-provider="scenarios" finished-at="2023-10-09T17:39:54 EDT" duration-ms="338" status="PASS">
          <params>
            <param index="0">
              <value>
                <![CDATA["user navigated to Traversal page"]]>
              </value>
            </param>
            <param index="1">
              <value>
                <![CDATA["User is on LinkedList page"]]>
              </value>
            </param>
          </params>
          <reporter-output>
          </reporter-output>
        </test-method> <!-- runScenario -->
        <test-method signature="runScenario(io.cucumber.testng.PickleWrapper,io.cucumber.testng.FeatureWrapper)[pri:0, instance:Runner.TestRunner@757acd7b]" started-at="2023-10-09T17:39:54 EDT" name="runScenario" description="Runs Cucumber Scenarios" data-provider="scenarios" finished-at="2023-10-09T17:39:54 EDT" duration-ms="499" status="PASS">
          <params>
            <param index="0">
              <value>
                <![CDATA["User navigated to tryEditor page with Run button from Traversal page"]]>
              </value>
            </param>
            <param index="1">
              <value>
                <![CDATA["User is on LinkedList page"]]>
              </value>
            </param>
          </params>
          <reporter-output>
          </reporter-output>
        </test-method> <!-- runScenario -->
        <test-method signature="runScenario(io.cucumber.testng.PickleWrapper,io.cucumber.testng.FeatureWrapper)[pri:0, instance:Runner.TestRunner@757acd7b]" started-at="2023-10-09T17:39:54 EDT" name="runScenario" description="Runs Cucumber Scenarios" data-provider="scenarios" finished-at="2023-10-09T17:39:55 EDT" duration-ms="696" status="PASS">
          <params>
            <param index="0">
              <value>
                <![CDATA["The user run the code in tryEditor with valid input for Traversal page"]]>
              </value>
            </param>
            <param index="1">
              <value>
                <![CDATA["User is on LinkedList page"]]>
              </value>
            </param>
          </params>
          <reporter-output>
          </reporter-output>
        </test-method> <!-- runScenario -->
        <test-method signature="runScenario(io.cucumber.testng.PickleWrapper,io.cucumber.testng.FeatureWrapper)[pri:0, instance:Runner.TestRunner@757acd7b]" started-at="2023-10-09T17:39:55 EDT" name="runScenario" description="Runs Cucumber Scenarios" data-provider="scenarios" finished-at="2023-10-09T17:39:58 EDT" duration-ms="2522" status="PASS">
          <params>
            <param index="0">
              <value>
                <![CDATA["The user getting error message with invalid python code for Traversal page"]]>
              </value>
            </param>
            <param index="1">
              <value>
                <![CDATA["User is on LinkedList page"]]>
              </value>
            </param>
          </params>
          <reporter-output>
          </reporter-output>
        </test-method> <!-- runScenario -->
        <test-method signature="runScenario(io.cucumber.testng.PickleWrapper,io.cucumber.testng.FeatureWrapper)[pri:0, instance:Runner.TestRunner@757acd7b]" started-at="2023-10-09T17:39:58 EDT" name="runScenario" description="Runs Cucumber Scenarios" data-provider="scenarios" finished-at="2023-10-09T17:39:58 EDT" duration-ms="358" status="PASS">
          <params>
            <param index="0">
              <value>
                <![CDATA["user navigated to Insertion page"]]>
              </value>
            </param>
            <param index="1">
              <value>
                <![CDATA["User is on LinkedList page"]]>
              </value>
            </param>
          </params>
          <reporter-output>
          </reporter-output>
        </test-method> <!-- runScenario -->
        <test-method signature="runScenario(io.cucumber.testng.PickleWrapper,io.cucumber.testng.FeatureWrapper)[pri:0, instance:Runner.TestRunner@757acd7b]" started-at="2023-10-09T17:39:58 EDT" name="runScenario" description="Runs Cucumber Scenarios" data-provider="scenarios" finished-at="2023-10-09T17:39:59 EDT" duration-ms="505" status="PASS">
          <params>
            <param index="0">
              <value>
                <![CDATA["User navigated to tryEditor page with Run button from Insertion page"]]>
              </value>
            </param>
            <param index="1">
              <value>
                <![CDATA["User is on LinkedList page"]]>
              </value>
            </param>
          </params>
          <reporter-output>
          </reporter-output>
        </test-method> <!-- runScenario -->
        <test-method signature="runScenario(io.cucumber.testng.PickleWrapper,io.cucumber.testng.FeatureWrapper)[pri:0, instance:Runner.TestRunner@757acd7b]" started-at="2023-10-09T17:39:59 EDT" name="runScenario" description="Runs Cucumber Scenarios" data-provider="scenarios" finished-at="2023-10-09T17:39:59 EDT" duration-ms="669" status="PASS">
          <params>
            <param index="0">
              <value>
                <![CDATA["The user run the code in tryEditor with valid input for Insertion page"]]>
              </value>
            </param>
            <param index="1">
              <value>
                <![CDATA["User is on LinkedList page"]]>
              </value>
            </param>
          </params>
          <reporter-output>
          </reporter-output>
        </test-method> <!-- runScenario -->
        <test-method signature="runScenario(io.cucumber.testng.PickleWrapper,io.cucumber.testng.FeatureWrapper)[pri:0, instance:Runner.TestRunner@757acd7b]" started-at="2023-10-09T17:39:59 EDT" name="runScenario" description="Runs Cucumber Scenarios" data-provider="scenarios" finished-at="2023-10-09T17:40:02 EDT" duration-ms="2497" status="PASS">
          <params>
            <param index="0">
              <value>
                <![CDATA["The user getting error message with invalid python code for Insertion page"]]>
              </value>
            </param>
            <param index="1">
              <value>
                <![CDATA["User is on LinkedList page"]]>
              </value>
            </param>
          </params>
          <reporter-output>
          </reporter-output>
        </test-method> <!-- runScenario -->
        <test-method signature="runScenario(io.cucumber.testng.PickleWrapper,io.cucumber.testng.FeatureWrapper)[pri:0, instance:Runner.TestRunner@757acd7b]" started-at="2023-10-09T17:40:02 EDT" name="runScenario" description="Runs Cucumber Scenarios" data-provider="scenarios" finished-at="2023-10-09T17:40:02 EDT" duration-ms="405" status="PASS">
          <params>
            <param index="0">
              <value>
                <![CDATA["user navigated to Deletion page"]]>
              </value>
            </param>
            <param index="1">
              <value>
                <![CDATA["User is on LinkedList page"]]>
              </value>
            </param>
          </params>
          <reporter-output>
          </reporter-output>
        </test-method> <!-- runScenario -->
        <test-method signature="runScenario(io.cucumber.testng.PickleWrapper,io.cucumber.testng.FeatureWrapper)[pri:0, instance:Runner.TestRunner@757acd7b]" started-at="2023-10-09T17:40:02 EDT" name="runScenario" description="Runs Cucumber Scenarios" data-provider="scenarios" finished-at="2023-10-09T17:40:03 EDT" duration-ms="493" status="PASS">
          <params>
            <param index="0">
              <value>
                <![CDATA["User navigated to tryEditor page with Run button from Deletion page"]]>
              </value>
            </param>
            <param index="1">
              <value>
                <![CDATA["User is on LinkedList page"]]>
              </value>
            </param>
          </params>
          <reporter-output>
          </reporter-output>
        </test-method> <!-- runScenario -->
        <test-method signature="runScenario(io.cucumber.testng.PickleWrapper,io.cucumber.testng.FeatureWrapper)[pri:0, instance:Runner.TestRunner@757acd7b]" started-at="2023-10-09T17:40:03 EDT" name="runScenario" description="Runs Cucumber Scenarios" data-provider="scenarios" finished-at="2023-10-09T17:40:03 EDT" duration-ms="660" status="PASS">
          <params>
            <param index="0">
              <value>
                <![CDATA["The user run the code in tryEditor with valid input for Deletion page"]]>
              </value>
            </param>
            <param index="1">
              <value>
                <![CDATA["User is on LinkedList page"]]>
              </value>
            </param>
          </params>
          <reporter-output>
          </reporter-output>
        </test-method> <!-- runScenario -->
        <test-method signature="runScenario(io.cucumber.testng.PickleWrapper,io.cucumber.testng.FeatureWrapper)[pri:0, instance:Runner.TestRunner@757acd7b]" started-at="2023-10-09T17:40:03 EDT" name="runScenario" description="Runs Cucumber Scenarios" data-provider="scenarios" finished-at="2023-10-09T17:40:06 EDT" duration-ms="2484" status="PASS">
          <params>
            <param index="0">
              <value>
                <![CDATA["The user getting error message with invalid python code for Deletion page"]]>
              </value>
            </param>
            <param index="1">
              <value>
                <![CDATA["User is on LinkedList page"]]>
              </value>
            </param>
          </params>
          <reporter-output>
          </reporter-output>
        </test-method> <!-- runScenario -->
        <test-method signature="runScenario(io.cucumber.testng.PickleWrapper,io.cucumber.testng.FeatureWrapper)[pri:0, instance:Runner.TestRunner@757acd7b]" started-at="2023-10-09T17:40:06 EDT" name="runScenario" description="Runs Cucumber Scenarios" data-provider="scenarios" finished-at="2023-10-09T17:40:07 EDT" duration-ms="730" status="PASS">
          <params>
            <param index="0">
              <value>
                <![CDATA["The user validating Practice Questions page"]]>
              </value>
            </param>
            <param index="1">
              <value>
                <![CDATA["User is on LinkedList page"]]>
              </value>
            </param>
          </params>
          <reporter-output>
          </reporter-output>
        </test-method> <!-- runScenario -->
        <test-method signature="runScenario(io.cucumber.testng.PickleWrapper,io.cucumber.testng.FeatureWrapper)[pri:0, instance:Runner.TestRunner@757acd7b]" started-at="2023-10-09T17:40:07 EDT" name="runScenario" description="Runs Cucumber Scenarios" data-provider="scenarios" finished-at="2023-10-09T17:40:07 EDT" duration-ms="373" status="PASS">
          <params>
            <param index="0">
              <value>
                <![CDATA["The user launch DS Algo portal url"]]>
              </value>
            </param>
            <param index="1">
              <value>
                <![CDATA["The user opens DS Algo portal link"]]>
              </value>
            </param>
          </params>
          <reporter-output>
          </reporter-output>
        </test-method> <!-- runScenario -->
        <test-method signature="runScenario(io.cucumber.testng.PickleWrapper,io.cucumber.testng.FeatureWrapper)[pri:0, instance:Runner.TestRunner@757acd7b]" started-at="2023-10-09T17:40:07 EDT" name="runScenario" description="Runs Cucumber Scenarios" data-provider="scenarios" finished-at="2023-10-09T17:40:07 EDT" duration-ms="390" status="PASS">
          <params>
            <param index="0">
              <value>
                <![CDATA["The user is able to navigate to Queue Page page"]]>
              </value>
            </param>
            <param index="1">
              <value>
                <![CDATA["User is on Queue Page"]]>
              </value>
            </param>
          </params>
          <reporter-output>
          </reporter-output>
        </test-method> <!-- runScenario -->
        <test-method signature="runScenario(io.cucumber.testng.PickleWrapper,io.cucumber.testng.FeatureWrapper)[pri:0, instance:Runner.TestRunner@757acd7b]" started-at="2023-10-09T17:40:07 EDT" name="runScenario" description="Runs Cucumber Scenarios" data-provider="scenarios" finished-at="2023-10-09T17:40:08 EDT" duration-ms="769" status="PASS">
          <params>
            <param index="0">
              <value>
                <![CDATA["The user is able run code in tryEditor for Implementation of Queue page"]]>
              </value>
            </param>
            <param index="1">
              <value>
                <![CDATA["User is on Queue Page"]]>
              </value>
            </param>
          </params>
          <reporter-output>
          </reporter-output>
        </test-method> <!-- runScenario -->
        <test-method signature="runScenario(io.cucumber.testng.PickleWrapper,io.cucumber.testng.FeatureWrapper)[pri:0, instance:Runner.TestRunner@757acd7b]" started-at="2023-10-09T17:40:08 EDT" name="runScenario" description="Runs Cucumber Scenarios" data-provider="scenarios" finished-at="2023-10-09T17:40:11 EDT" duration-ms="2502" status="PASS">
          <params>
            <param index="0">
              <value>
                <![CDATA["The user is presented with error message for code with invalid syntax in tryEditor for Implementation of Queue page"]]>
              </value>
            </param>
            <param index="1">
              <value>
                <![CDATA["User is on Queue Page"]]>
              </value>
            </param>
          </params>
          <reporter-output>
          </reporter-output>
        </test-method> <!-- runScenario -->
        <test-method signature="runScenario(io.cucumber.testng.PickleWrapper,io.cucumber.testng.FeatureWrapper)[pri:0, instance:Runner.TestRunner@757acd7b]" started-at="2023-10-09T17:40:11 EDT" name="runScenario" description="Runs Cucumber Scenarios" data-provider="scenarios" finished-at="2023-10-09T17:40:11 EDT" duration-ms="363" status="PASS">
          <params>
            <param index="0">
              <value>
                <![CDATA["The user is able to navigate to Queue page"]]>
              </value>
            </param>
            <param index="1">
              <value>
                <![CDATA["User is on Queue Page"]]>
              </value>
            </param>
          </params>
          <reporter-output>
          </reporter-output>
        </test-method> <!-- runScenario -->
        <test-method signature="runScenario(io.cucumber.testng.PickleWrapper,io.cucumber.testng.FeatureWrapper)[pri:0, instance:Runner.TestRunner@757acd7b]" started-at="2023-10-09T17:40:11 EDT" name="runScenario" description="Runs Cucumber Scenarios" data-provider="scenarios" finished-at="2023-10-09T17:40:12 EDT" duration-ms="673" status="PASS">
          <params>
            <param index="0">
              <value>
                <![CDATA["The user is able run code in tryEditor for Implementation using Collections page"]]>
              </value>
            </param>
            <param index="1">
              <value>
                <![CDATA["User is on Queue Page"]]>
              </value>
            </param>
          </params>
          <reporter-output>
          </reporter-output>
        </test-method> <!-- runScenario -->
        <test-method signature="runScenario(io.cucumber.testng.PickleWrapper,io.cucumber.testng.FeatureWrapper)[pri:0, instance:Runner.TestRunner@757acd7b]" started-at="2023-10-09T17:40:12 EDT" name="runScenario" description="Runs Cucumber Scenarios" data-provider="scenarios" finished-at="2023-10-09T17:40:14 EDT" duration-ms="2562" status="PASS">
          <params>
            <param index="0">
              <value>
                <![CDATA["The user is presented with error message for code with invalid syntax in tryEditor for Implementation using Collections page"]]>
              </value>
            </param>
            <param index="1">
              <value>
[...]
at ?.The user is in a page having an tryEditor with a Run button to test(file:///C:/Users/Manoj/git/DSAlgoProject_Test/src/test/resources/Features/Tree.feature:320)
]]>
            </full-stacktrace>
          </exception> <!-- org.openqa.selenium.NoSuchSessionException -->
          <reporter-output>
          </reporter-output>
        </test-method> <!-- runScenario -->
        <test-method signature="runScenario(io.cucumber.testng.PickleWrapper,io.cucumber.testng.FeatureWrapper)[pri:0, instance:Runner.TestRunner@62e7f11d]" started-at="2023-10-09T17:42:24 EDT" name="runScenario" description="Runs Cucumber Scenarios" data-provider="scenarios" finished-at="2023-10-09T17:42:25 EDT" duration-ms="203" status="FAIL">
          <params>
            <param index="0">
              <value>
                <![CDATA["The user is presented with error message for code with invalid syntax in tryEditor for Tree page"]]>
              </value>
            </param>
            <param index="1">
              <value>
                <![CDATA["Testing the Tree Page"]]>
              </value>
            </param>
          </params>
          <exception class="org.openqa.selenium.NoSuchSessionException">
            <message>
              <![CDATA[Tried to run command without establishing a connection
Build info: version: '4.12.1', revision: '8e34639b11'
System info: os.name: 'Windows 10', os.arch: 'amd64', os.version: '10.0', java.version: '20.0.1'
Driver info: org.openqa.selenium.firefox.FirefoxDriver
Command: [e82ee68c-bfbf-495d-8271-1a34bbdb3f1c, get {url=https://dsportalapp.herokuapp.com/tryEditor}]
Capabilities {acceptInsecureCerts: true, browserName: firefox, browserVersion: 118.0.1, moz:accessibilityChecks: false, moz:buildID: 20230927232528, moz:debuggerAddress: 127.0.0.1:20957, moz:geckodriverVersion: 0.33.0, moz:headless: false, moz:platformVersion: 10.0, moz:processID: 18804, moz:profile: C:\Users\Manoj\AppData\Loca..., moz:shutdownTimeout: 60000, moz:webdriverClick: true, moz:windowless: false, pageLoadStrategy: normal, platformName: windows, proxy: Proxy(), se:cdp: ws://127.0.0.1:20957/devtoo..., se:cdpVersion: 85.0, setWindowRect: true, strictFileInteractability: false, timeouts: {implicit: 0, pageLoad: 300000, script: 30000}, unhandledPromptBehavior: dismiss and notify}
Session ID: e82ee68c-bfbf-495d-8271-1a34bbdb3f1c]]>
            </message>
            <full-stacktrace>
              <![CDATA[org.openqa.selenium.NoSuchSessionException: Tried to run command without establishing a connection
Build info: version: '4.12.1', revision: '8e34639b11'
System info: os.name: 'Windows 10', os.arch: 'amd64', os.version: '10.0', java.version: '20.0.1'
Driver info: org.openqa.selenium.firefox.FirefoxDriver
Command: [e82ee68c-bfbf-495d-8271-1a34bbdb3f1c, get {url=https://dsportalapp.herokuapp.com/tryEditor}]
Capabilities {acceptInsecureCerts: true, browserName: firefox, browserVersion: 118.0.1, moz:accessibilityChecks: false, moz:buildID: 20230927232528, moz:debuggerAddress: 127.0.0.1:20957, moz:geckodriverVersion: 0.33.0, moz:headless: false, moz:platformVersion: 10.0, moz:processID: 18804, moz:profile: C:\Users\Manoj\AppData\Loca..., moz:shutdownTimeout: 60000, moz:webdriverClick: true, moz:windowless: false, pageLoadStrategy: normal, platformName: windows, proxy: Proxy(), se:cdp: ws://127.0.0.1:20957/devtoo..., se:cdpVersion: 85.0, setWindowRect: true, strictFileInteractability: false, timeouts: {implicit: 0, pageLoad: 300000, script: 30000}, unhandledPromptBehavior: dismiss and notify}
Session ID: e82ee68c-bfbf-495d-8271-1a34bbdb3f1c
at java.base/jdk.internal.reflect.DirectConstructorHandleAccessor.newInstance(DirectConstructorHandleAccessor.java:67)
at java.base/java.lang.reflect.Constructor.newInstanceWithCaller(Constructor.java:500)
at java.base/java.lang.reflect.Constructor.newInstance(Constructor.java:484)
at org.openqa.selenium.remote.codec.w3c.W3CHttpResponseCodec.createException(W3CHttpResponseCodec.java:200)
at org.openqa.selenium.remote.codec.w3c.W3CHttpResponseCodec.decode(W3CHttpResponseCodec.java:133)
at org.openqa.selenium.remote.codec.w3c.W3CHttpResponseCodec.decode(W3CHttpResponseCodec.java:52)
at org.openqa.selenium.remote.HttpCommandExecutor.execute(HttpCommandExecutor.java:191)
at org.openqa.selenium.remote.service.DriverCommandExecutor.invokeExecute(DriverCommandExecutor.java:196)
at org.openqa.selenium.remote.service.DriverCommandExecutor.execute(DriverCommandExecutor.java:171)
at org.openqa.selenium.remote.RemoteWebDriver.execute(RemoteWebDriver.java:602)
at org.openqa.selenium.remote.RemoteWebDriver.get(RemoteWebDriver.java:304)
at PageObjects.ArrayPage.clickTryEditorLink(ArrayPage.java:90)
at StepDefinitions.ArrayStepDefinition.the_user_is_in_a_page_having_an_try_editor_with_a_run_button_to_test(ArrayStepDefinition.java:86)
at ?.The user is in a page having an tryEditor with a Run button to test(file:///C:/Users/Manoj/git/DSAlgoProject_Test/src/test/resources/Features/Tree.feature:331)
]]>
            </full-stacktrace>
          </exception> <!-- org.openqa.selenium.NoSuchSessionException -->
          <reporter-output>
          </reporter-output>
        </test-method> <!-- runScenario -->
        <test-method signature="runScenario(io.cucumber.testng.PickleWrapper,io.cucumber.testng.FeatureWrapper)[pri:0, instance:Runner.TestRunner@62e7f11d]" started-at="2023-10-09T17:42:25 EDT" name="runScenario" description="Runs Cucumber Scenarios" data-provider="scenarios" finished-at="2023-10-09T17:42:25 EDT" duration-ms="182" status="FAIL">
          <params>
            <param index="0">
              <value>
                <![CDATA["The user is able to navigate to Tree Page"]]>
              </value>
            </param>
            <param index="1">
              <value>
                <![CDATA["Testing the Tree Page"]]>
              </value>
            </param>
          </params>
          <exception class="org.openqa.selenium.NoSuchSessionException">
            <message>
              <![CDATA[Tried to run command without establishing a connection
Build info: version: '4.12.1', revision: '8e34639b11'
System info: os.name: 'Windows 10', os.arch: 'amd64', os.version: '10.0', java.version: '20.0.1'
Driver info: org.openqa.selenium.firefox.FirefoxDriver
Command: [e82ee68c-bfbf-495d-8271-1a34bbdb3f1c, get {url=https://dsportalapp.herokuapp.com/tree/}]
Capabilities {acceptInsecureCerts: true, browserName: firefox, browserVersion: 118.0.1, moz:accessibilityChecks: false, moz:buildID: 20230927232528, moz:debuggerAddress: 127.0.0.1:20957, moz:geckodriverVersion: 0.33.0, moz:headless: false, moz:platformVersion: 10.0, moz:processID: 18804, moz:profile: C:\Users\Manoj\AppData\Loca..., moz:shutdownTimeout: 60000, moz:webdriverClick: true, moz:windowless: false, pageLoadStrategy: normal, platformName: windows, proxy: Proxy(), se:cdp: ws://127.0.0.1:20957/devtoo..., se:cdpVersion: 85.0, setWindowRect: true, strictFileInteractability: false, timeouts: {implicit: 0, pageLoad: 300000, script: 30000}, unhandledPromptBehavior: dismiss and notify}
Session ID: e82ee68c-bfbf-495d-8271-1a34bbdb3f1c]]>
            </message>
            <full-stacktrace>
              <![CDATA[org.openqa.selenium.NoSuchSessionException: Tried to run command without establishing a connection
Build info: version: '4.12.1', revision: '8e34639b11'
System info: os.name: 'Windows 10', os.arch: 'amd64', os.version: '10.0', java.version: '20.0.1'
Driver info: org.openqa.selenium.firefox.FirefoxDriver
Command: [e82ee68c-bfbf-495d-8271-1a34bbdb3f1c, get {url=https://dsportalapp.herokuapp.com/tree/}]
Capabilities {acceptInsecureCerts: true, browserName: firefox, browserVersion: 118.0.1, moz:accessibilityChecks: false, moz:buildID: 20230927232528, moz:debuggerAddress: 127.0.0.1:20957, moz:geckodriverVersion: 0.33.0, moz:headless: false, moz:platformVersion: 10.0, moz:processID: 18804, moz:profile: C:\Users\Manoj\AppData\Loca..., moz:shutdownTimeout: 60000, moz:webdriverClick: true, moz:windowless: false, pageLoadStrategy: normal, platformName: windows, proxy: Proxy(), se:cdp: ws://127.0.0.1:20957/devtoo..., se:cdpVersion: 85.0, setWindowRect: true, strictFileInteractability: false, timeouts: {implicit: 0, pageLoad: 300000, script: 30000}, unhandledPromptBehavior: dismiss and notify}
Session ID: e82ee68c-bfbf-495d-8271-1a34bbdb3f1c
at java.base/jdk.internal.reflect.DirectConstructorHandleAccessor.newInstance(DirectConstructorHandleAccessor.java:67)
at java.base/java.lang.reflect.Constructor.newInstanceWithCaller(Constructor.java:500)
at java.base/java.lang.reflect.Constructor.newInstance(Constructor.java:484)
at org.openqa.selenium.remote.codec.w3c.W3CHttpResponseCodec.createException(W3CHttpResponseCodec.java:200)
at org.openqa.selenium.remote.codec.w3c.W3CHttpResponseCodec.decode(W3CHttpResponseCodec.java:133)
at org.openqa.selenium.remote.codec.w3c.W3CHttpResponseCodec.decode(W3CHttpResponseCodec.java:52)
at org.openqa.selenium.remote.HttpCommandExecutor.execute(HttpCommandExecutor.java:191)
at org.openqa.selenium.remote.service.DriverCommandExecutor.invokeExecute(DriverCommandExecutor.java:196)
at org.openqa.selenium.remote.service.DriverCommandExecutor.execute(DriverCommandExecutor.java:171)
at org.openqa.selenium.remote.RemoteWebDriver.execute(RemoteWebDriver.java:602)
at org.openqa.selenium.remote.RemoteWebDriver.get(RemoteWebDriver.java:304)
at PageObjects.TreePage.click_getstartedTree(TreePage.java:50)
at StepDefinitions.TreeStepDefinition.the_user_is_on_the_tree_page(TreeStepDefinition.java:15)
at ?.The user is on the Tree page(file:///C:/Users/Manoj/git/DSAlgoProject_Test/src/test/resources/Features/Tree.feature:342)
]]>
            </full-stacktrace>
          </exception> <!-- org.openqa.selenium.NoSuchSessionException -->
          <reporter-output>
          </reporter-output>
        </test-method> <!-- runScenario -->
        <test-method signature="runScenario(io.cucumber.testng.PickleWrapper,io.cucumber.testng.FeatureWrapper)[pri:0, instance:Runner.TestRunner@62e7f11d]" started-at="2023-10-09T17:42:25 EDT" name="runScenario" description="Runs Cucumber Scenarios" data-provider="scenarios" finished-at="2023-10-09T17:42:25 EDT" duration-ms="190" status="FAIL">
          <params>
            <param index="0">
              <value>
                <![CDATA["The user is able run code in tryEditor for Tree page"]]>
              </value>
            </param>
            <param index="1">
              <value>
                <![CDATA["Testing the Tree Page"]]>
              </value>
            </param>
          </params>
          <exception class="org.openqa.selenium.NoSuchSessionException">
            <message>
              <![CDATA[Tried to run command without establishing a connection
Build info: version: '4.12.1', revision: '8e34639b11'
System info: os.name: 'Windows 10', os.arch: 'amd64', os.version: '10.0', java.version: '20.0.1'
Driver info: org.openqa.selenium.firefox.FirefoxDriver
Command: [e82ee68c-bfbf-495d-8271-1a34bbdb3f1c, get {url=https://dsportalapp.herokuapp.com/tryEditor}]
Capabilities {acceptInsecureCerts: true, browserName: firefox, browserVersion: 118.0.1, moz:accessibilityChecks: false, moz:buildID: 20230927232528, moz:debuggerAddress: 127.0.0.1:20957, moz:geckodriverVersion: 0.33.0, moz:headless: false, moz:platformVersion: 10.0, moz:processID: 18804, moz:profile: C:\Users\Manoj\AppData\Loca..., moz:shutdownTimeout: 60000, moz:webdriverClick: true, moz:windowless: false, pageLoadStrategy: normal, platformName: windows, proxy: Proxy(), se:cdp: ws://127.0.0.1:20957/devtoo..., se:cdpVersion: 85.0, setWindowRect: true, strictFileInteractability: false, timeouts: {implicit: 0, pageLoad: 300000, script: 30000}, unhandledPromptBehavior: dismiss and notify}
Session ID: e82ee68c-bfbf-495d-8271-1a34bbdb3f1c]]>
            </message>
            <full-stacktrace>
              <![CDATA[org.openqa.selenium.NoSuchSessionException: Tried to run command without establishing a connection
Build info: version: '4.12.1', revision: '8e34639b11'
System info: os.name: 'Windows 10', os.arch: 'amd64', os.version: '10.0', java.version: '20.0.1'
Driver info: org.openqa.selenium.firefox.FirefoxDriver
Command: [e82ee68c-bfbf-495d-8271-1a34bbdb3f1c, get {url=https://dsportalapp.herokuapp.com/tryEditor}]
Capabilities {acceptInsecureCerts: true, browserName: firefox, browserVersion: 118.0.1, moz:accessibilityChecks: false, moz:buildID: 20230927232528, moz:debuggerAddress: 127.0.0.1:20957, moz:geckodriverVersion: 0.33.0, moz:headless: false, moz:platformVersion: 10.0, moz:processID: 18804, moz:profile: C:\Users\Manoj\AppData\Loca..., moz:shutdownTimeout: 60000, moz:webdriverClick: true, moz:windowless: false, pageLoadStrategy: normal, platformName: windows, proxy: Proxy(), se:cdp: ws://127.0.0.1:20957/devtoo..., se:cdpVersion: 85.0, setWindowRect: true, strictFileInteractability: false, timeouts: {implicit: 0, pageLoad: 300000, script: 30000}, unhandledPromptBehavior: dismiss and notify}
Session ID: e82ee68c-bfbf-495d-8271-1a34bbdb3f1c
at java.base/jdk.internal.reflect.DirectConstructorHandleAccessor.newInstance(DirectConstructorHandleAccessor.java:67)
at java.base/java.lang.reflect.Constructor.newInstanceWithCaller(Constructor.java:500)
at java.base/java.lang.reflect.Constructor.newInstance(Constructor.java:484)
at org.openqa.selenium.remote.codec.w3c.W3CHttpResponseCodec.createException(W3CHttpResponseCodec.java:200)
at org.openqa.selenium.remote.codec.w3c.W3CHttpResponseCodec.decode(W3CHttpResponseCodec.java:133)
at org.openqa.selenium.remote.codec.w3c.W3CHttpResponseCodec.decode(W3CHttpResponseCodec.java:52)
at org.openqa.selenium.remote.HttpCommandExecutor.execute(HttpCommandExecutor.java:191)
at org.openqa.selenium.remote.service.DriverCommandExecutor.invokeExecute(DriverCommandExecutor.java:196)
at org.openqa.selenium.remote.service.DriverCommandExecutor.execute(DriverCommandExecutor.java:171)
at org.openqa.selenium.remote.RemoteWebDriver.execute(RemoteWebDriver.java:602)
at org.openqa.selenium.remote.RemoteWebDriver.get(RemoteWebDriver.java:304)
at PageObjects.ArrayPage.clickTryEditorLink(ArrayPage.java:90)
at StepDefinitions.ArrayStepDefinition.the_user_is_in_a_page_having_an_try_editor_with_a_run_button_to_test(ArrayStepDefinition.java:86)
at ?.The user is in a page having an tryEditor with a Run button to test(file:///C:/Users/Manoj/git/DSAlgoProject_Test/src/test/resources/Features/Tree.feature:348)
]]>
            </full-stacktrace>
          </exception> <!-- org.openqa.selenium.NoSuchSessionException -->
          <reporter-output>
          </reporter-output>
        </test-method> <!-- runScenario -->
        <test-method signature="runScenario(io.cucumber.testng.PickleWrapper,io.cucumber.testng.FeatureWrapper)[pri:0, instance:Runner.TestRunner@62e7f11d]" started-at="2023-10-09T17:42:25 EDT" name="runScenario" description="Runs Cucumber Scenarios" data-provider="scenarios" finished-at="2023-10-09T17:42:25 EDT" duration-ms="199" status="FAIL">
          <params>
            <param index="0">
              <value>
                <![CDATA["The user is presented with error message for code with invalid syntax in tryEditor for Tree page"]]>
              </value>
            </param>
            <param index="1">
              <value>
                <![CDATA["Testing the Tree Page"]]>
              </value>
            </param>
          </params>
          <exception class="org.openqa.selenium.NoSuchSessionException">
            <message>
              <![CDATA[Tried to run command without establishing a connection
Build info: version: '4.12.1', revision: '8e34639b11'
System info: os.name: 'Windows 10', os.arch: 'amd64', os.version: '10.0', java.version: '20.0.1'
Driver info: org.openqa.selenium.firefox.FirefoxDriver
Command: [e82ee68c-bfbf-495d-8271-1a34bbdb3f1c, get {url=https://dsportalapp.herokuapp.com/tryEditor}]
Capabilities {acceptInsecureCerts: true, browserName: firefox, browserVersion: 118.0.1, moz:accessibilityChecks: false, moz:buildID: 20230927232528, moz:debuggerAddress: 127.0.0.1:20957, moz:geckodriverVersion: 0.33.0, moz:headless: false, moz:platformVersion: 10.0, moz:processID: 18804, moz:profile: C:\Users\Manoj\AppData\Loca..., moz:shutdownTimeout: 60000, moz:webdriverClick: true, moz:windowless: false, pageLoadStrategy: normal, platformName: windows, proxy: Proxy(), se:cdp: ws://127.0.0.1:20957/devtoo..., se:cdpVersion: 85.0, setWindowRect: true, strictFileInteractability: false, timeouts: {implicit: 0, pageLoad: 300000, script: 30000}, unhandledPromptBehavior: dismiss and notify}
Session ID: e82ee68c-bfbf-495d-8271-1a34bbdb3f1c]]>
            </message>
            <full-stacktrace>
              <![CDATA[org.openqa.selenium.NoSuchSessionException: Tried to run command without establishing a connection
Build info: version: '4.12.1', revision: '8e34639b11'
System info: os.name: 'Windows 10', os.arch: 'amd64', os.version: '10.0', java.version: '20.0.1'
Driver info: org.openqa.selenium.firefox.FirefoxDriver
Command: [e82ee68c-bfbf-495d-8271-1a34bbdb3f1c, get {url=https://dsportalapp.herokuapp.com/tryEditor}]
Capabilities {acceptInsecureCerts: true, browserName: firefox, browserVersion: 118.0.1, moz:accessibilityChecks: false, moz:buildID: 20230927232528, moz:debuggerAddress: 127.0.0.1:20957, moz:geckodriverVersion: 0.33.0, moz:headless: false, moz:platformVersion: 10.0, moz:processID: 18804, moz:profile: C:\Users\Manoj\AppData\Loca..., moz:shutdownTimeout: 60000, moz:webdriverClick: true, moz:windowless: false, pageLoadStrategy: normal, platformName: windows, proxy: Proxy(), se:cdp: ws://127.0.0.1:20957/devtoo..., se:cdpVersion: 85.0, setWindowRect: true, strictFileInteractability: false, timeouts: {implicit: 0, pageLoad: 300000, script: 30000}, unhandledPromptBehavior: dismiss and notify}
Session ID: e82ee68c-bfbf-495d-8271-1a34bbdb3f1c
at java.base/jdk.internal.reflect.DirectConstructorHandleAccessor.newInstance(DirectConstructorHandleAccessor.java:67)
at java.base/java.lang.reflect.Constructor.newInstanceWithCaller(Constructor.java:500)
at java.base/java.lang.reflect.Constructor.newInstance(Constructor.java:484)
at org.openqa.selenium.remote.codec.w3c.W3CHttpResponseCodec.createException(W3CHttpResponseCodec.java:200)
at org.openqa.selenium.remote.codec.w3c.W3CHttpResponseCodec.decode(W3CHttpResponseCodec.java:133)
at org.openqa.selenium.remote.codec.w3c.W3CHttpResponseCodec.decode(W3CHttpResponseCodec.java:52)
at org.openqa.selenium.remote.HttpCommandExecutor.execute(HttpCommandExecutor.java:191)
at org.openqa.selenium.remote.service.DriverCommandExecutor.invokeExecute(DriverCommandExecutor.java:196)
at org.openqa.selenium.remote.service.DriverCommandExecutor.execute(DriverCommandExecutor.java:171)
at org.openqa.selenium.remote.RemoteWebDriver.execute(RemoteWebDriver.java:602)
at org.openqa.selenium.remote.RemoteWebDriver.get(RemoteWebDriver.java:304)
at PageObjects.ArrayPage.clickTryEditorLink(ArrayPage.java:90)
at StepDefinitions.ArrayStepDefinition.the_user_is_in_a_page_having_an_try_editor_with_a_run_button_to_test(ArrayStepDefinition.java:86)
at ?.The user is in a page having an tryEditor with a Run button to test(file:///C:/Users/Manoj/git/DSAlgoProject_Test/src/test/resources/Features/Tree.feature:359)
]]>
            </full-stacktrace>
          </exception> <!-- org.openqa.selenium.NoSuchSessionException -->
          <reporter-output>
          </reporter-output>
        </test-method> <!-- runScenario -->
        <test-method is-config="true" signature="tearDownClass()[pri:0, instance:Runner.TestRunner@62e7f11d]" started-at="2023-10-09T17:42:25 EDT" name="tearDownClass" finished-at="2023-10-09T17:42:50 EDT" duration-ms="24504" status="PASS">
          <reporter-output>
          </reporter-output>
        </test-method> <!-- tearDownClass -->
      </class> <!-- Runner.TestRunner -->
    </test> <!-- TestEdge -->
  </suite> <!-- Suite -->
</testng-results>
